<?xml version="1.0" encoding="UTF-8"?>
<!-- Generated by org.testng.reporters.JUnitReportReporter -->
<testsuite hostname="WKWIN7143863" name="crudMethods.DemoPost" tests="5" failures="0" timestamp="22 Mar 2020 16:44:10 GMT" time="6.818" errors="0">
  <testcase name="myEighthTest" time="1.115" classname="crudMethods.DemoPost"/>
  <testcase name="myNinthTest" time="0.711" classname="crudMethods.DemoPost"/>
  <testcase name="mySeventhTest" time="3.873" classname="crudMethods.DemoPost"/>
  <testcase name="myEleventhTest" time="0.591" classname="crudMethods.DemoPost"/>
  <testcase name="myTenthTest" time="0.528" classname="crudMethods.DemoPost"/>
</testsuite> <!-- crudMethods.DemoPost -->
