<?xml version="1.0" encoding="UTF-8"?>
<!-- Generated by org.testng.reporters.JUnitReportReporter -->
<testsuite hostname="WKWIN7143863" name="crudMethods.DemoPatch" tests="1" failures="0" timestamp="22 Mar 2020 07:02:49 GMT" time="2.683" errors="0">
  <testcase name="myEleventhTest" time="2.683" classname="crudMethods.DemoPatch"/>
</testsuite> <!-- crudMethods.DemoPatch -->
