<?xml version="1.0" encoding="UTF-8"?>
<!-- Generated by org.testng.reporters.JUnitReportReporter -->
<testsuite hostname="WKWIN7143863" name="crudMethods.DemoPut" tests="1" failures="0" timestamp="22 Mar 2020 07:05:58 GMT" time="2.774" errors="0">
  <testcase name="myEleventhTest" time="2.774" classname="crudMethods.DemoPut"/>
</testsuite> <!-- crudMethods.DemoPut -->
