<?xml version="1.0" encoding="UTF-8"?>
<!-- Generated by org.testng.reporters.JUnitReportReporter -->
<testsuite hostname="WKWIN7143863" name="crudMethods.DemoDelete" tests="1" failures="0" timestamp="22 Mar 2020 06:46:39 GMT" time="2.711" errors="0">
  <testcase name="myTwelvethTest" time="2.711" classname="crudMethods.DemoDelete"/>
</testsuite> <!-- crudMethods.DemoDelete -->
